<?xml version="1.0" encoding="UTF-8"?>
<!-- Generated by org.testng.reporters.JUnitReportReporter -->
<testsuite skipped="0" hostname="Admin-PC" name="ExtentReport.extentReport" tests="1" failures="0" timestamp="10 Oct 2019 15:07:59 GMT" time="0.012" errors="0">
  <testcase name="myTest" time="0.012" classname="ExtentReport.extentReport"/>
</testsuite> <!-- ExtentReport.extentReport -->
