<?xml version="1.0" encoding="UTF-8"?>
<!-- Generated by org.testng.reporters.JUnitReportReporter -->
<testsuite skipped="0" hostname="Admin-PC" name="TestScripts.dashBoardScreen" tests="1" failures="0" timestamp="15 Oct 2019 17:44:41 GMT" time="0.194" errors="0">
  <testcase name="myTest" time="0.194" classname="TestScripts.dashBoardScreen"/>
</testsuite> <!-- TestScripts.dashBoardScreen -->
