<?xml version="1.0" encoding="UTF-8"?>
<!-- Generated by org.testng.reporters.JUnitReportReporter -->
<testsuite skipped="0" hostname="Admin-PC" name="TestSuites.demoSuite" tests="2" failures="0" timestamp="12 Oct 2019 10:03:27 GMT" time="8.648" errors="0">
  <testcase name="Test1" time="5.340" classname="TestSuites.demoSuite"/>
  <testcase name="Test2" time="3.308" classname="TestSuites.demoSuite"/>
</testsuite> <!-- TestSuites.demoSuite -->
