<?xml version="1.0" encoding="UTF-8"?>
<!-- Generated by org.testng.reporters.JUnitReportReporter -->
<testsuite skipped="0" hostname="Admin-PC" name="ReadAndWriteXL.ReadExcelFile" tests="1" failures="0" timestamp="15 Oct 2019 17:59:40 GMT" time="0.192" errors="0">
  <testcase name="myTest" time="0.192" classname="ReadAndWriteXL.ReadExcelFile"/>
</testsuite> <!-- ReadAndWriteXL.ReadExcelFile -->
