<?xml version="1.0" encoding="UTF-8"?>
<!-- Generated by org.testng.reporters.JUnitReportReporter -->
<testsuite skipped="0" hostname="Admin-PC" name="ExtentReport.BaseFile" tests="1" failures="0" timestamp="10 Oct 2019 16:53:46 GMT" time="0.004" errors="0">
  <testcase name="test" time="0.004" classname="ExtentReport.BaseFile"/>
</testsuite> <!-- ExtentReport.BaseFile -->
