<?xml version="1.0" encoding="UTF-8"?>
<!-- Generated by org.testng.reporters.JUnitReportReporter -->
<testsuite skipped="0" hostname="Admin-PC" name="ReadAndWriteXL.ReadExcelFile" tests="1" failures="0" timestamp="14 Oct 2019 16:51:16 GMT" time="0.203" errors="0">
  <testcase name="readFile" time="0.203" classname="ReadAndWriteXL.ReadExcelFile"/>
</testsuite> <!-- ReadAndWriteXL.ReadExcelFile -->
