<?xml version="1.0" encoding="UTF-8"?>
<!-- Generated by org.testng.reporters.JUnitReportReporter -->
<testsuite skipped="0" hostname="Admin-PC" name="TestSuites.functionalTestSuite" tests="2" failures="0" timestamp="12 Oct 2019 06:35:15 GMT" time="9.340" errors="0">
  <testcase name="Test1" time="5.351" classname="TestSuites.functionalTestSuite"/>
  <testcase name="Test2" time="3.989" classname="TestSuites.functionalTestSuite"/>
</testsuite> <!-- TestSuites.functionalTestSuite -->
