<?xml version="1.0" encoding="UTF-8"?>
<!-- Generated by org.testng.reporters.JUnitReportReporter -->
<testsuite skipped="0" hostname="Admin-PC" name="com.demo.app.DemoApp.Base" tests="2" failures="0" timestamp="10 Oct 2019 14:28:09 GMT" time="10.866" errors="0">
  <testcase name="info" time="0.001" classname="com.demo.app.DemoApp.Base"/>
  <testcase name="applaunch" time="10.865" classname="com.demo.app.DemoApp.Base"/>
</testsuite> <!-- com.demo.app.DemoApp.Base -->
